<?xml version="1.0" encoding="UTF-8"?>
<!-- Generated by org.testng.reporters.JUnitReportReporter -->
<testsuite hostname="DESKTOP-MF1SFPI" failures="0" tests="1" name="driverFactory.AppTest" time="18.313" errors="0" timestamp="2024-07-24T11:45:40 IST" skipped="0">
  <testcase classname="driverFactory.AppTest" name="kickStart" time="18.313"/>
</testsuite> <!-- driverFactory.AppTest -->
